

Processing ApplicationController#now_playing (for 127.0.0.1 at 2010-08-21 17:27:49) [GET]

NameError (uninitialized constant Itunes::OSX):
  app/models/itunes.rb:4:in `initialize'
  /opt/local/lib/ruby/1.8/singleton.rb:94:in `new'
  /opt/local/lib/ruby/1.8/singleton.rb:94:in `instance'
  app/controllers/application_controller.rb:11:in `now_playing'

Rendered rescues/_trace (112.0ms)
Rendered rescues/_request_and_response (11.2ms)
Rendering rescues/layout (internal_server_error)


Processing ApplicationController#now_playing (for 127.0.0.1 at 2010-08-21 17:28:01) [GET]
Rendering application/now_playing
Completed in 195ms (View: 34, DB: 0) | 200 OK [http://localhost/]


Processing ApplicationController#now_playing (for 127.0.0.1 at 2010-08-21 18:09:51) [GET]
Rendering application/now_playing
Completed in 77ms (View: 8, DB: 0) | 200 OK [http://localhost/]


Processing ApplicationController#now_playing (for 127.0.0.1 at 2010-08-21 18:09:59) [GET]
Rendering application/now_playing
Completed in 77ms (View: 9, DB: 0) | 200 OK [http://localhost/]


Processing ApplicationController#now_playing (for 127.0.0.1 at 2010-08-21 18:12:56) [GET]
Rendering application/now_playing
Completed in 4343ms (View: 4274, DB: 0) | 200 OK [http://localhost/]


Processing ApplicationController#now_playing (for 127.0.0.1 at 2010-08-21 18:15:04) [GET]
Rendering application/now_playing
Completed in 4331ms (View: 4262, DB: 0) | 200 OK [http://localhost/]


Processing ApplicationController#now_playing (for 127.0.0.1 at 2010-08-21 18:15:37) [GET]
Rendering application/now_playing
Completed in 4806ms (View: 4737, DB: 0) | 200 OK [http://localhost/]


Processing ApplicationController#now_playing (for 127.0.0.1 at 2010-08-21 18:16:16) [GET]
Rendering application/now_playing
Completed in 4623ms (View: 4553, DB: 0) | 200 OK [http://localhost/]


Processing ApplicationController#now_playing (for 127.0.0.1 at 2010-08-21 18:36:05) [GET]
Rendering application/now_playing
Completed in 4770ms (View: 4700, DB: 0) | 200 OK [http://localhost/]


Processing ApplicationController#now_playing (for 127.0.0.1 at 2010-08-21 18:36:42) [GET]
Rendering application/now_playing

ActionView::TemplateError (Can't get Objective-C method signature for selector 'library' of receiver #<OSX::ITunesPlaylist:0x2408736 class='ITunesPlaylist' id=0x15b6f60>) on line #11 of app/views/application/now_playing.html.erb:
8: 
9: <select name='album' multiple='multiple'>
10:     <option value='all_albums'>(Все альбомы)</option>
11:     <%= @iTunes.library.albums.map { |album| "<option value='#{album.mb_chars.underscore}' class='#{@iTunes.library.album_artist(album).mb_chars.underscore}'>#{album}</option>"}.join %>
12: </select>

    /Library/Frameworks/RubyCocoa.framework/Resources/ruby/osx/objc/oc_wrapper.rb:50:in `ocm_send'
    /Library/Frameworks/RubyCocoa.framework/Resources/ruby/osx/objc/oc_wrapper.rb:50:in `method_missing'
    app/models/library.rb:9:in `send'
    app/models/library.rb:9:in `method_missing'
    app/models/library.rb:34:in `album_artist'
    app/views/application/now_playing.html.erb:11
    /Library/Frameworks/RubyCocoa.framework/Resources/ruby/osx/objc/oc_attachments.rb:45:in `map'
    /Library/Frameworks/RubyCocoa.framework/Resources/ruby/osx/objc/oc_attachments.rb:1151:in `each'
    /Library/Frameworks/RubyCocoa.framework/Resources/ruby/osx/objc/oc_attachments.rb:45:in `map'
    app/views/application/now_playing.html.erb:11
    /Library/Frameworks/RubyCocoa.framework/Resources/ruby/osx/objc/ruby_addition.rb:110:in `initialize'
    /Library/Frameworks/RubyCocoa.framework/Resources/ruby/osx/objc/ruby_addition.rb:110:in `pre_rubycocoa_new'
    /Library/Frameworks/RubyCocoa.framework/Resources/ruby/osx/objc/ruby_addition.rb:110:in `new'
    /Library/Frameworks/RubyCocoa.framework/Resources/ruby/osx/objc/ruby_addition.rb:110:in `initialize'
    /Library/Frameworks/RubyCocoa.framework/Resources/ruby/osx/objc/ruby_addition.rb:110:in `pre_rubycocoa_new'
    /Library/Frameworks/RubyCocoa.framework/Resources/ruby/osx/objc/ruby_addition.rb:110:in `new'

Rendered rescues/_trace (67.2ms)
Rendered rescues/_request_and_response (1.9ms)
Rendering rescues/layout (internal_server_error)


Processing ApplicationController#now_playing (for 127.0.0.1 at 2010-08-21 18:38:20) [GET]
Rendering application/now_playing
Completed in 5748ms (View: 5679, DB: 0) | 200 OK [http://localhost/]


Processing ApplicationController#now_playing (for 127.0.0.1 at 2010-08-21 18:39:23) [GET]
Rendering application/now_playing
Completed in 5738ms (View: 5669, DB: 0) | 200 OK [http://localhost/]


Processing ApplicationController#now_playing (for 127.0.0.1 at 2010-08-21 18:39:50) [GET]
Rendering application/now_playing
Completed in 5832ms (View: 5670, DB: 0) | 200 OK [http://localhost/]


Processing ApplicationController#now_playing (for 127.0.0.1 at 2010-08-21 18:41:10) [GET]
Rendering application/now_playing
Completed in 5650ms (View: 5581, DB: 0) | 200 OK [http://localhost/]


Processing ApplicationController#now_playing (for 127.0.0.1 at 2010-08-21 18:41:21) [GET]
Rendering application/now_playing
Completed in 5829ms (View: 5757, DB: 0) | 200 OK [http://localhost/]


Processing ApplicationController#now_playing (for 127.0.0.1 at 2010-08-21 18:45:04) [GET]
Rendering application/now_playing
Completed in 6022ms (View: 5951, DB: 0) | 200 OK [http://localhost/]


Processing ApplicationController#now_playing (for 127.0.0.1 at 2010-08-21 18:46:03) [GET]
Rendering application/now_playing
Completed in 5844ms (View: 5774, DB: 0) | 200 OK [http://localhost/]


Processing ApplicationController#now_playing (for 127.0.0.1 at 2010-08-21 18:46:34) [GET]
Rendering application/now_playing
Completed in 5958ms (View: 5889, DB: 0) | 200 OK [http://localhost/]


Processing ApplicationController#now_playing (for 127.0.0.1 at 2010-08-21 19:01:11) [GET]
Rendering application/now_playing

ActionView::TemplateError (Can't get Objective-C method signature for selector 'translit' of receiver #<NSCFString "5`nizza">) on line #6 of app/views/application/now_playing.html.erb:
3: 
4: <select name='artist' multiple='multiple'>
5:   <option value='all_artists'>(Все исполнители)</option>
6:   <%= @iTunes.library.album_artists.map { |artist| "<option value='#{artist.translit.parameterize.underscore}'>#{artist}</option>"}.join %>
7: </select>
8: 
9: <select name='album' multiple='multiple'>

    /Library/Frameworks/RubyCocoa.framework/Resources/ruby/osx/objc/oc_wrapper.rb:50:in `ocm_send'
    /Library/Frameworks/RubyCocoa.framework/Resources/ruby/osx/objc/oc_wrapper.rb:50:in `objc_method_missing'
    /Library/Frameworks/RubyCocoa.framework/Resources/ruby/osx/objc/oc_attachments.rb:184:in `method_missing'
    app/views/application/now_playing.html.erb:6
    /Library/Frameworks/RubyCocoa.framework/Resources/ruby/osx/objc/oc_attachments.rb:45:in `map'
    /Library/Frameworks/RubyCocoa.framework/Resources/ruby/osx/objc/oc_attachments.rb:1151:in `each'
    /Library/Frameworks/RubyCocoa.framework/Resources/ruby/osx/objc/oc_attachments.rb:45:in `map'
    app/views/application/now_playing.html.erb:6
    /Library/Frameworks/RubyCocoa.framework/Resources/ruby/osx/objc/ruby_addition.rb:110:in `initialize'
    /Library/Frameworks/RubyCocoa.framework/Resources/ruby/osx/objc/ruby_addition.rb:110:in `pre_rubycocoa_new'
    /Library/Frameworks/RubyCocoa.framework/Resources/ruby/osx/objc/ruby_addition.rb:110:in `new'
    /Library/Frameworks/RubyCocoa.framework/Resources/ruby/osx/objc/ruby_addition.rb:110:in `initialize'
    /Library/Frameworks/RubyCocoa.framework/Resources/ruby/osx/objc/ruby_addition.rb:110:in `pre_rubycocoa_new'
    /Library/Frameworks/RubyCocoa.framework/Resources/ruby/osx/objc/ruby_addition.rb:110:in `new'

Rendered rescues/_trace (191.9ms)
Rendered rescues/_request_and_response (1.9ms)
Rendering rescues/layout (internal_server_error)


Processing ApplicationController#now_playing (for 127.0.0.1 at 2010-08-21 19:02:42) [GET]
Rendering application/now_playing
Completed in 6300ms (View: 6139, DB: 0) | 200 OK [http://localhost/]


Processing ApplicationController#now_playing (for 127.0.0.1 at 2010-08-21 19:08:57) [GET]
Rendering application/now_playing

ActionView::TemplateError (Can't get Objective-C method signature for selector 'to:css' of receiver #<NSCFString "5`nizza">) on line #6 of app/views/application/now_playing.html.erb:
3: 
4: <select name='artist' multiple='multiple'>
5:   <option value='all_artists'>(Все исполнители)</option>
6:   <%= @iTunes.library.album_artists.map { |artist| "<option value='#{artist.to_css}'>#{artist}</option>"}.join %>
7: </select>
8: 
9: <select name='album' multiple='multiple'>

    /Library/Frameworks/RubyCocoa.framework/Resources/ruby/osx/objc/oc_wrapper.rb:50:in `ocm_send'
    /Library/Frameworks/RubyCocoa.framework/Resources/ruby/osx/objc/oc_wrapper.rb:50:in `objc_method_missing'
    /Library/Frameworks/RubyCocoa.framework/Resources/ruby/osx/objc/oc_attachments.rb:184:in `method_missing'
    app/views/application/now_playing.html.erb:6
    /Library/Frameworks/RubyCocoa.framework/Resources/ruby/osx/objc/oc_attachments.rb:45:in `map'
    /Library/Frameworks/RubyCocoa.framework/Resources/ruby/osx/objc/oc_attachments.rb:1151:in `each'
    /Library/Frameworks/RubyCocoa.framework/Resources/ruby/osx/objc/oc_attachments.rb:45:in `map'
    app/views/application/now_playing.html.erb:6
    /Library/Frameworks/RubyCocoa.framework/Resources/ruby/osx/objc/ruby_addition.rb:110:in `initialize'
    /Library/Frameworks/RubyCocoa.framework/Resources/ruby/osx/objc/ruby_addition.rb:110:in `pre_rubycocoa_new'
    /Library/Frameworks/RubyCocoa.framework/Resources/ruby/osx/objc/ruby_addition.rb:110:in `new'
    /Library/Frameworks/RubyCocoa.framework/Resources/ruby/osx/objc/ruby_addition.rb:110:in `initialize'
    /Library/Frameworks/RubyCocoa.framework/Resources/ruby/osx/objc/ruby_addition.rb:110:in `pre_rubycocoa_new'
    /Library/Frameworks/RubyCocoa.framework/Resources/ruby/osx/objc/ruby_addition.rb:110:in `new'

Rendered rescues/_trace (65.8ms)
Rendered rescues/_request_and_response (1.9ms)
Rendering rescues/layout (internal_server_error)


Processing ApplicationController#now_playing (for 127.0.0.1 at 2010-08-21 19:09:39) [GET]
Rendering application/now_playing

ActionView::TemplateError (Can't get Objective-C method signature for selector 'to:css' of receiver #<NSCFString "5`nizza">) on line #6 of app/views/application/now_playing.html.erb:
3: 
4: <select name='artist' multiple='multiple'>
5:   <option value='all_artists'>(Все исполнители)</option>
6:   <%= @iTunes.library.album_artists.map { |artist| "<option value='#{artist.to_css}'>#{artist}</option>"}.join %>
7: </select>
8: 
9: <select name='album' multiple='multiple'>

    /Library/Frameworks/RubyCocoa.framework/Resources/ruby/osx/objc/oc_wrapper.rb:50:in `ocm_send'
    /Library/Frameworks/RubyCocoa.framework/Resources/ruby/osx/objc/oc_wrapper.rb:50:in `objc_method_missing'
    /Library/Frameworks/RubyCocoa.framework/Resources/ruby/osx/objc/oc_attachments.rb:184:in `method_missing'
    app/views/application/now_playing.html.erb:6
    /Library/Frameworks/RubyCocoa.framework/Resources/ruby/osx/objc/oc_attachments.rb:45:in `map'
    /Library/Frameworks/RubyCocoa.framework/Resources/ruby/osx/objc/oc_attachments.rb:1151:in `each'
    /Library/Frameworks/RubyCocoa.framework/Resources/ruby/osx/objc/oc_attachments.rb:45:in `map'
    app/views/application/now_playing.html.erb:6
    /Library/Frameworks/RubyCocoa.framework/Resources/ruby/osx/objc/ruby_addition.rb:110:in `initialize'
    /Library/Frameworks/RubyCocoa.framework/Resources/ruby/osx/objc/ruby_addition.rb:110:in `pre_rubycocoa_new'
    /Library/Frameworks/RubyCocoa.framework/Resources/ruby/osx/objc/ruby_addition.rb:110:in `new'
    /Library/Frameworks/RubyCocoa.framework/Resources/ruby/osx/objc/ruby_addition.rb:110:in `initialize'
    /Library/Frameworks/RubyCocoa.framework/Resources/ruby/osx/objc/ruby_addition.rb:110:in `pre_rubycocoa_new'
    /Library/Frameworks/RubyCocoa.framework/Resources/ruby/osx/objc/ruby_addition.rb:110:in `new'

Rendered rescues/_trace (64.4ms)
Rendered rescues/_request_and_response (0.4ms)
Rendering rescues/layout (internal_server_error)


Processing ApplicationController#now_playing (for 127.0.0.1 at 2010-08-21 19:10:32) [GET]
Rendering application/now_playing

ActionView::TemplateError (undefined method `parametreize' for "5`nizza":String) on line #6 of app/views/application/now_playing.html.erb:
3: 
4: <select name='artist' multiple='multiple'>
5:   <option value='all_artists'>(Все исполнители)</option>
6:   <%= @iTunes.library.album_artists.map { |artist| "<option value='#{artist.to_css}'>#{artist}</option>"}.join %>
7: </select>
8: 
9: <select name='album' multiple='multiple'>

    config/initializers/translify.rb:7:in `to_css'
    /Library/Frameworks/RubyCocoa.framework/Resources/ruby/osx/objc/oc_attachments.rb:173:in `send'
    /Library/Frameworks/RubyCocoa.framework/Resources/ruby/osx/objc/oc_attachments.rb:173:in `method_missing'
    app/views/application/now_playing.html.erb:6
    /Library/Frameworks/RubyCocoa.framework/Resources/ruby/osx/objc/oc_attachments.rb:45:in `map'
    /Library/Frameworks/RubyCocoa.framework/Resources/ruby/osx/objc/oc_attachments.rb:1151:in `each'
    /Library/Frameworks/RubyCocoa.framework/Resources/ruby/osx/objc/oc_attachments.rb:45:in `map'
    app/views/application/now_playing.html.erb:6
    /Library/Frameworks/RubyCocoa.framework/Resources/ruby/osx/objc/ruby_addition.rb:110:in `initialize'
    /Library/Frameworks/RubyCocoa.framework/Resources/ruby/osx/objc/ruby_addition.rb:110:in `pre_rubycocoa_new'
    /Library/Frameworks/RubyCocoa.framework/Resources/ruby/osx/objc/ruby_addition.rb:110:in `new'
    /Library/Frameworks/RubyCocoa.framework/Resources/ruby/osx/objc/ruby_addition.rb:110:in `initialize'
    /Library/Frameworks/RubyCocoa.framework/Resources/ruby/osx/objc/ruby_addition.rb:110:in `pre_rubycocoa_new'
    /Library/Frameworks/RubyCocoa.framework/Resources/ruby/osx/objc/ruby_addition.rb:110:in `new'

Rendered rescues/_trace (181.2ms)
Rendered rescues/_request_and_response (1.9ms)
Rendering rescues/layout (internal_server_error)


Processing ApplicationController#now_playing (for 127.0.0.1 at 2010-08-21 19:11:05) [GET]
Rendering application/now_playing

ActionView::TemplateError (wrong number of arguments (1 for 0)) on line #19 of app/views/application/now_playing.html.erb:
16: <table>
17:   <tr><th>Название</th><th>Исполнитель</th><th>Альбом</th></tr>
18:   <% @iTunes.library.tracks.each do |track| %>
19:     <tr class='all_artists all_albums <%= "#{[track.album.to_css track.artist.to_css track.album_artist.to_css].join}"%>'>
20:       <td><%= h track.name %></td>
21:       <td><%= h track.artist %></td>
22:       <td><%= h track.album %></td>

    app/views/application/now_playing.html.erb:19:in `to_css'
    app/views/application/now_playing.html.erb:19
    /Library/Frameworks/RubyCocoa.framework/Resources/ruby/osx/objc/oc_attachments.rb:1151:in `each'
    app/views/application/now_playing.html.erb:18
    /Library/Frameworks/RubyCocoa.framework/Resources/ruby/osx/objc/ruby_addition.rb:110:in `initialize'
    /Library/Frameworks/RubyCocoa.framework/Resources/ruby/osx/objc/ruby_addition.rb:110:in `pre_rubycocoa_new'
    /Library/Frameworks/RubyCocoa.framework/Resources/ruby/osx/objc/ruby_addition.rb:110:in `new'
    /Library/Frameworks/RubyCocoa.framework/Resources/ruby/osx/objc/ruby_addition.rb:110:in `initialize'
    /Library/Frameworks/RubyCocoa.framework/Resources/ruby/osx/objc/ruby_addition.rb:110:in `pre_rubycocoa_new'
    /Library/Frameworks/RubyCocoa.framework/Resources/ruby/osx/objc/ruby_addition.rb:110:in `new'

Rendered rescues/_trace (67.7ms)
Rendered rescues/_request_and_response (1.9ms)
Rendering rescues/layout (internal_server_error)


Processing ApplicationController#now_playing (for 127.0.0.1 at 2010-08-21 19:11:59) [GET]
Rendering application/now_playing
Completed in 9181ms (View: 9106, DB: 0) | 200 OK [http://localhost/]


Processing ApplicationController#now_playing (for 127.0.0.1 at 2010-08-21 19:19:47) [GET]
Rendering application/now_playing
Completed in 29953ms (View: 29877, DB: 0) | 200 OK [http://localhost/]


Processing ApplicationController#now_playing (for 127.0.0.1 at 2010-08-21 19:21:13) [GET]
Rendering application/now_playing

ActionView::TemplateError (stack level too deep) on line #2 of app/views/application/now_playing.html.erb:
1: <p>Hello!</p>
2: <p>You are listening to <%= h @track %>
3: 
4: <select name='artist' multiple='multiple'>
5:   <option value='all_artists'>(Все исполнители)</option>

    app/models/track.rb:23:in `name'
    app/models/track.rb:23:in `name'
    app/models/track.rb:35:in `to_s'
    app/views/application/now_playing.html.erb:2
    /Library/Frameworks/RubyCocoa.framework/Resources/ruby/osx/objc/ruby_addition.rb:110:in `initialize'
    /Library/Frameworks/RubyCocoa.framework/Resources/ruby/osx/objc/ruby_addition.rb:110:in `pre_rubycocoa_new'
    /Library/Frameworks/RubyCocoa.framework/Resources/ruby/osx/objc/ruby_addition.rb:110:in `new'
    /Library/Frameworks/RubyCocoa.framework/Resources/ruby/osx/objc/ruby_addition.rb:110:in `initialize'
    /Library/Frameworks/RubyCocoa.framework/Resources/ruby/osx/objc/ruby_addition.rb:110:in `pre_rubycocoa_new'
    /Library/Frameworks/RubyCocoa.framework/Resources/ruby/osx/objc/ruby_addition.rb:110:in `new'

Rendered rescues/_trace (194.8ms)
Rendered rescues/_request_and_response (0.4ms)
Rendering rescues/layout (internal_server_error)


Processing ApplicationController#now_playing (for 127.0.0.1 at 2010-08-21 19:21:36) [GET]
Rendering application/now_playing
Completed in 25243ms (View: 25171, DB: 0) | 200 OK [http://localhost/]


Processing ApplicationController#now_playing (for 127.0.0.1 at 2010-08-21 19:28:24) [GET]
Rendering application/now_playing
Completed in 19245ms (View: 19174, DB: 0) | 200 OK [http://localhost/]


Processing ApplicationController#now_playing (for 127.0.0.1 at 2010-08-21 19:32:33) [GET]
Rendering application/now_playing
Completed in 19075ms (View: 19004, DB: 0) | 200 OK [http://localhost/]


Processing ApplicationController#now_playing (for 127.0.0.1 at 2010-08-21 19:41:55) [GET]
Rendering application/now_playing
Completed in 20048ms (View: 19978, DB: 0) | 200 OK [http://localhost/]


Processing ApplicationController#now_playing (for 127.0.0.1 at 2010-08-21 19:43:00) [GET]
Rendering application/now_playing
Completed in 9033ms (View: 8957, DB: 0) | 200 OK [http://localhost/]


Processing ApplicationController#now_playing (for 127.0.0.1 at 2010-08-21 19:44:40) [GET]
Rendering application/now_playing
Completed in 13055ms (View: 12961, DB: 0) | 200 OK [http://localhost/]


Processing ApplicationController#now_playing (for 127.0.0.1 at 2010-08-21 19:45:08) [GET]
Rendering application/now_playing
Completed in 14960ms (View: 14835, DB: 0) | 200 OK [http://localhost/]


Processing ApplicationController#now_playing (for 127.0.0.1 at 2010-08-21 19:46:22) [GET]
Rendering application/now_playing
Completed in 15385ms (View: 15259, DB: 0) | 200 OK [http://localhost/]


Processing ApplicationController#now_playing (for 127.0.0.1 at 2010-08-21 19:47:39) [GET]
Rendering application/now_playing
Completed in 15207ms (View: 15082, DB: 0) | 200 OK [http://localhost/]


Processing ApplicationController#now_playing (for 127.0.0.1 at 2010-08-21 20:26:36) [GET]
Rendering application/now_playing
Completed in 8274ms (View: 8202, DB: 0) | 200 OK [http://localhost/]


Processing ApplicationController#now_playing (for 127.0.0.1 at 2010-08-21 20:41:53) [GET]
Rendering application/now_playing

ActionView::TemplateError (Missing template application/_tracks.erb in view path app/views) on line #7 of app/views/application/now_playing.html.erb:
4: </style>
5: <p>Hello!</p>
6: <p>You are listening to <%= h @track %>
7: <%= render :partial => "tracks", :object => @iTunes.currentPlaylist.tracks.map { |t| Track.new(t) } %>
8: <div>
9:   <select name='artist' multiple='multiple'>
10:     <option value='all_artists'>(Все исполнители)</option>

    app/views/application/now_playing.html.erb:7
    /Library/Frameworks/RubyCocoa.framework/Resources/ruby/osx/objc/ruby_addition.rb:110:in `initialize'
    /Library/Frameworks/RubyCocoa.framework/Resources/ruby/osx/objc/ruby_addition.rb:110:in `pre_rubycocoa_new'
    /Library/Frameworks/RubyCocoa.framework/Resources/ruby/osx/objc/ruby_addition.rb:110:in `new'
    /Library/Frameworks/RubyCocoa.framework/Resources/ruby/osx/objc/ruby_addition.rb:110:in `initialize'
    /Library/Frameworks/RubyCocoa.framework/Resources/ruby/osx/objc/ruby_addition.rb:110:in `pre_rubycocoa_new'
    /Library/Frameworks/RubyCocoa.framework/Resources/ruby/osx/objc/ruby_addition.rb:110:in `new'

Rendered rescues/_trace (64.0ms)
Rendered rescues/_request_and_response (0.4ms)
Rendering rescues/layout (internal_server_error)


Processing ApplicationController#now_playing (for 127.0.0.1 at 2010-08-21 20:41:58) [GET]
Rendering application/now_playing
Rendered application/_tracks (99.9ms)
Rendered application/_tracks (2473.6ms)
Completed in 8573ms (View: 8500, DB: 0) | 200 OK [http://localhost/]


Processing ApplicationController#now_playing (for 127.0.0.1 at 2010-08-21 20:44:04) [GET]
Rendering application/now_playing
Rendered application/_tracks (95.5ms)
Rendered application/_tracks (2458.0ms)
Completed in 8687ms (View: 8617, DB: 0) | 200 OK [http://localhost/]


Processing ApplicationController#now_playing (for 127.0.0.1 at 2010-08-21 20:49:35) [GET]

SyntaxError (/Users/timon/Sites/itunes-control/app/models/track.rb:9: syntax error, unexpected ','
  alias :id, :database_id
            ^):
  app/models/itunes.rb:14:in `currentTrack'
  app/controllers/application_controller.rb:12:in `now_playing'
  /Library/Frameworks/RubyCocoa.framework/Resources/ruby/osx/objc/ruby_addition.rb:110:in `initialize'
  /Library/Frameworks/RubyCocoa.framework/Resources/ruby/osx/objc/ruby_addition.rb:110:in `pre_rubycocoa_new'
  /Library/Frameworks/RubyCocoa.framework/Resources/ruby/osx/objc/ruby_addition.rb:110:in `new'
  /Library/Frameworks/RubyCocoa.framework/Resources/ruby/osx/objc/ruby_addition.rb:110:in `initialize'
  /Library/Frameworks/RubyCocoa.framework/Resources/ruby/osx/objc/ruby_addition.rb:110:in `pre_rubycocoa_new'
  /Library/Frameworks/RubyCocoa.framework/Resources/ruby/osx/objc/ruby_addition.rb:110:in `new'

Rendered rescues/_trace (58.9ms)
Rendered rescues/_request_and_response (0.4ms)
Rendering rescues/layout (internal_server_error)


Processing ApplicationController#now_playing (for 127.0.0.1 at 2010-08-21 20:49:58) [GET]
Rendering application/now_playing

ActionView::TemplateError (undefined method `isEqual' for nil:NilClass) on line #7 of app/views/application/now_playing.html.erb:
4: </style>
5: <p>Hello!</p>
6: <p>You are listening to <%= h @track %>
7: <%= render :partial => "tracks", :object => @iTunes.play_queue %>
8: <div>
9:   <select name='artist' multiple='multiple'>
10:     <option value='all_artists'>(Все исполнители)</option>

    app/models/track.rb:58:in `send'
    app/models/track.rb:58:in `method_missing'
    /Library/Frameworks/RubyCocoa.framework/Resources/ruby/osx/objc/oc_attachments.rb:1606:in `index'
    /Library/Frameworks/RubyCocoa.framework/Resources/ruby/osx/objc/oc_attachments.rb:1151:in `each'
    /Library/Frameworks/RubyCocoa.framework/Resources/ruby/osx/objc/oc_attachments.rb:1606:in `each_with_index'
    /Library/Frameworks/RubyCocoa.framework/Resources/ruby/osx/objc/oc_attachments.rb:1606:in `index'
    app/models/itunes.rb:37:in `play_queue'
    app/views/application/now_playing.html.erb:7
    /Library/Frameworks/RubyCocoa.framework/Resources/ruby/osx/objc/ruby_addition.rb:110:in `initialize'
    /Library/Frameworks/RubyCocoa.framework/Resources/ruby/osx/objc/ruby_addition.rb:110:in `pre_rubycocoa_new'
    /Library/Frameworks/RubyCocoa.framework/Resources/ruby/osx/objc/ruby_addition.rb:110:in `new'
    /Library/Frameworks/RubyCocoa.framework/Resources/ruby/osx/objc/ruby_addition.rb:110:in `initialize'
    /Library/Frameworks/RubyCocoa.framework/Resources/ruby/osx/objc/ruby_addition.rb:110:in `pre_rubycocoa_new'
    /Library/Frameworks/RubyCocoa.framework/Resources/ruby/osx/objc/ruby_addition.rb:110:in `new'

Rendered rescues/_trace (185.3ms)
Rendered rescues/_request_and_response (0.4ms)
Rendering rescues/layout (internal_server_error)


Processing ApplicationController#now_playing (for 127.0.0.1 at 2010-08-21 20:56:56) [GET]
Rendering application/now_playing

ActionView::TemplateError (No track Dream Theater — The Ones Who Help To Set The Sun (When Dream and Day Reunite [Official Bootleg], 2005) in current playlist iTunes DJ) on line #7 of app/views/application/now_playing.html.erb:
4: </style>
5: <p>Hello!</p>
6: <p>You are listening to <%= h @track %>
7: <%= render :partial => "tracks", :object => @iTunes.play_queue %>
8: <div>
9:   <select name='artist' multiple='multiple'>
10:     <option value='all_artists'>(Все исполнители)</option>

    app/models/itunes.rb:47:in `play_queue'
    app/views/application/now_playing.html.erb:7
    /Library/Frameworks/RubyCocoa.framework/Resources/ruby/osx/objc/ruby_addition.rb:110:in `initialize'
    /Library/Frameworks/RubyCocoa.framework/Resources/ruby/osx/objc/ruby_addition.rb:110:in `pre_rubycocoa_new'
    /Library/Frameworks/RubyCocoa.framework/Resources/ruby/osx/objc/ruby_addition.rb:110:in `new'
    /Library/Frameworks/RubyCocoa.framework/Resources/ruby/osx/objc/ruby_addition.rb:110:in `initialize'
    /Library/Frameworks/RubyCocoa.framework/Resources/ruby/osx/objc/ruby_addition.rb:110:in `pre_rubycocoa_new'
    /Library/Frameworks/RubyCocoa.framework/Resources/ruby/osx/objc/ruby_addition.rb:110:in `new'

Rendered rescues/_trace (61.3ms)
Rendered rescues/_request_and_response (0.4ms)
Rendering rescues/layout (internal_server_error)


Processing ApplicationController#now_playing (for 127.0.0.1 at 2010-08-21 20:56:57) [GET]
Rendering application/now_playing

ActionView::TemplateError (No track Dream Theater — The Ones Who Help To Set The Sun (When Dream and Day Reunite [Official Bootleg], 2005) in current playlist iTunes DJ) on line #7 of app/views/application/now_playing.html.erb:
4: </style>
5: <p>Hello!</p>
6: <p>You are listening to <%= h @track %>
7: <%= render :partial => "tracks", :object => @iTunes.play_queue %>
8: <div>
9:   <select name='artist' multiple='multiple'>
10:     <option value='all_artists'>(Все исполнители)</option>

    app/models/itunes.rb:47:in `play_queue'
    app/views/application/now_playing.html.erb:7
    /Library/Frameworks/RubyCocoa.framework/Resources/ruby/osx/objc/ruby_addition.rb:110:in `initialize'
    /Library/Frameworks/RubyCocoa.framework/Resources/ruby/osx/objc/ruby_addition.rb:110:in `pre_rubycocoa_new'
    /Library/Frameworks/RubyCocoa.framework/Resources/ruby/osx/objc/ruby_addition.rb:110:in `new'
    /Library/Frameworks/RubyCocoa.framework/Resources/ruby/osx/objc/ruby_addition.rb:110:in `initialize'
    /Library/Frameworks/RubyCocoa.framework/Resources/ruby/osx/objc/ruby_addition.rb:110:in `pre_rubycocoa_new'
    /Library/Frameworks/RubyCocoa.framework/Resources/ruby/osx/objc/ruby_addition.rb:110:in `new'

Rendered rescues/_trace (187.0ms)
Rendered rescues/_request_and_response (0.4ms)
Rendering rescues/layout (internal_server_error)


Processing ApplicationController#now_playing (for 127.0.0.1 at 2010-08-21 21:02:16) [GET]
Rendering application/now_playing
Rendered application/_tracks (49.9ms)
Rendered application/_tracks (2480.1ms)
Completed in 8486ms (View: 8415, DB: 0) | 200 OK [http://localhost/]


Processing ApplicationController#now_playing (for 127.0.0.1 at 2010-08-21 21:13:52) [GET]
Rendering application/now_playing
Rendered application/_tracks (51.1ms)
Rendered application/_tracks (2463.7ms)
Completed in 8793ms (View: 8722, DB: 0) | 200 OK [http://localhost/]


Processing ApplicationController#now_playing (for 127.0.0.1 at 2010-08-21 21:18:03) [GET]
Rendering application/now_playing
Rendered application/_tracks (49.2ms)
Rendered application/_tracks (2479.2ms)
Completed in 8538ms (View: 8467, DB: 0) | 200 OK [http://localhost/]


Processing ApplicationController#now_playing (for 127.0.0.1 at 2010-08-21 21:18:54) [GET]
Rendering application/now_playing
Rendered application/_tracks (48.9ms)
Rendered application/_tracks (2473.8ms)
Completed in 8771ms (View: 8700, DB: 0) | 200 OK [http://localhost/]


Processing ApplicationController#now_playing (for 127.0.0.1 at 2010-08-21 21:22:34) [GET]
Rendering template within layouts/application
Rendering application/now_playing
Rendered application/_tracks (51.0ms)
Rendered application/_tracks (2686.4ms)
Completed in 8839ms (View: 8768, DB: 0) | 200 OK [http://localhost/]


Processing ApplicationController#now_playing (for 127.0.0.1 at 2010-08-21 21:23:08) [GET]
Rendering template within layouts/application
Rendering application/now_playing
Rendered application/_tracks (266.0ms)
Rendered application/_tracks (2472.8ms)
Completed in 8977ms (View: 8812, DB: 0) | 200 OK [http://localhost/]


Processing ApplicationController#now_playing (for 127.0.0.1 at 2010-08-21 21:27:18) [GET]
Rendering template within layouts/application
Rendering application/now_playing
Rendered application/_tracks (50.9ms)
Rendered application/_tracks (2530.3ms)
Completed in 8651ms (View: 8575, DB: 0) | 200 OK [http://localhost/]


Processing ApplicationController#now_playing (for 127.0.0.1 at 2010-08-21 22:11:01) [GET]
Rendering template within layouts/application
Rendering application/now_playing
Rendered application/_tracks (50.7ms)
Rendered application/_tracks (2468.1ms)
Completed in 9564ms (View: 9490, DB: 0) | 200 OK [http://localhost/]


Processing ApplicationController#now_playing (for 127.0.0.1 at 2010-08-21 22:11:31) [GET]
Rendering template within layouts/application
Rendering application/now_playing
Rendered application/_tracks (49.3ms)
Rendered application/_tracks (2461.2ms)
Completed in 9588ms (View: 9514, DB: 0) | 200 OK [http://localhost/]


Processing ApplicationController#now_playing (for 127.0.0.1 at 2010-08-21 22:12:20) [GET]
Rendering template within layouts/application
Rendering application/now_playing
Rendered application/_tracks (53.1ms)
Rendered application/_tracks (2468.9ms)
Completed in 9582ms (View: 9508, DB: 0) | 200 OK [http://localhost/]


Processing ApplicationController#now_playing (for 127.0.0.1 at 2010-08-21 22:13:43) [GET]
Rendering template within layouts/application
Rendering application/now_playing
Rendered application/_tracks (49.9ms)
Rendered application/_tracks (2515.7ms)
Completed in 9592ms (View: 9517, DB: 0) | 200 OK [http://localhost/]


Processing ApplicationController#now_playing (for 127.0.0.1 at 2010-08-21 22:13:53) [GET]
Rendering template within layouts/application
Rendering application/now_playing
Rendered application/_tracks (50.7ms)
Rendered application/_tracks (2567.7ms)
Completed in 9684ms (View: 9612, DB: 0) | 200 OK [http://localhost/]


Processing ApplicationController#now_playing (for 127.0.0.1 at 2010-08-21 22:14:03) [GET]
Rendering template within layouts/application
Rendering application/now_playing
Rendered application/_tracks (50.4ms)
Rendered application/_tracks (2813.9ms)
Completed in 9743ms (View: 9674, DB: 0) | 200 OK [http://localhost/]


Processing ApplicationController#now_playing (for 127.0.0.1 at 2010-08-21 22:15:46) [GET]
Rendering template within layouts/application
Rendering application/now_playing
Rendered application/_tracks (50.6ms)
Rendered application/_tracks (2487.6ms)
Completed in 9446ms (View: 9369, DB: 0) | 200 OK [http://localhost/]


Processing ApplicationController#now_playing (for 127.0.0.1 at 2010-08-21 22:18:15) [GET]
Rendering template within layouts/application
Rendering application/now_playing
Rendered application/_tracks (189.4ms)
Rendered application/_tracks (2585.2ms)
Completed in 9752ms (View: 9671, DB: 0) | 200 OK [http://localhost/]


Processing ApplicationController#now_playing (for 127.0.0.1 at 2010-08-21 22:19:40) [GET]
Rendering template within layouts/application
Rendering application/now_playing
Rendered application/_tracks (50.2ms)
Rendered application/_tracks (2483.5ms)
Completed in 9665ms (View: 9581, DB: 0) | 200 OK [http://localhost/]


Processing ApplicationController#now_playing (for 127.0.0.1 at 2010-08-21 22:20:14) [GET]
Rendering template within layouts/application
Rendering application/now_playing
Rendered application/_tracks (50.9ms)
Rendered application/_tracks (2556.9ms)
Completed in 9546ms (View: 9460, DB: 0) | 200 OK [http://localhost/]


Processing ApplicationController#now_playing (for 127.0.0.1 at 2010-08-21 22:22:41) [GET]
Rendering template within layouts/application
Rendering application/now_playing
Rendered application/_tracks (267.2ms)
Rendered application/_tracks (2641.3ms)
Completed in 9972ms (View: 9809, DB: 0) | 200 OK [http://localhost/]


Processing ApplicationController#now_playing (for 127.0.0.1 at 2010-08-21 22:25:01) [GET]
Rendering template within layouts/application
Rendering application/now_playing
Rendered application/_tracks (50.4ms)
Rendered application/_tracks (2658.2ms)
Completed in 9701ms (View: 9626, DB: 0) | 200 OK [http://localhost/]


Processing ApplicationController#now_playing (for 127.0.0.1 at 2010-08-21 22:30:53) [GET]
Rendering template within layouts/application
Rendering application/now_playing
Rendered application/_tracks (51.2ms)
Rendered application/_tracks (2749.3ms)
Completed in 9688ms (View: 9612, DB: 0) | 200 OK [http://localhost/]


Processing ApplicationController#now_playing (for 127.0.0.1 at 2010-08-21 22:32:00) [GET]
Rendering template within layouts/application
Rendering application/now_playing
Rendered application/_tracks (50.4ms)
Rendered application/_tracks (2517.0ms)
Completed in 9765ms (View: 9688, DB: 0) | 200 OK [http://localhost/]


Processing ApplicationController#now_playing (for 127.0.0.1 at 2010-08-21 22:32:50) [GET]
Rendering template within layouts/application
Rendering application/now_playing
Rendered application/_tracks (50.7ms)
Rendered application/_tracks (2516.4ms)
Completed in 9580ms (View: 9502, DB: 0) | 200 OK [http://localhost/]


Processing ApplicationController#now_playing (for 127.0.0.1 at 2010-08-21 22:33:56) [GET]
Rendering template within layouts/application
Rendering application/now_playing
Rendered application/_tracks (53.7ms)
Rendered application/_tracks (2556.5ms)
Completed in 9796ms (View: 9723, DB: 0) | 200 OK [http://localhost/]


Processing ApplicationController#now_playing (for 127.0.0.1 at 2010-08-21 22:35:36) [GET]
Rendering template within layouts/application
Rendering application/now_playing
Rendered application/_tracks (48.6ms)
Rendered application/_tracks (2520.8ms)
Completed in 9741ms (View: 9666, DB: 0) | 200 OK [http://localhost/]


Processing ApplicationController#now_playing (for 127.0.0.1 at 2010-08-21 22:35:57) [GET]
Rendering template within layouts/application
Rendering application/now_playing
Rendered application/_tracks (50.3ms)
Rendered application/_tracks (2537.1ms)
Completed in 9777ms (View: 9701, DB: 0) | 200 OK [http://localhost/]


Processing ApplicationController#now_playing (for 127.0.0.1 at 2010-08-21 22:36:14) [GET]
Rendering template within layouts/application
Rendering application/now_playing
Rendered application/_tracks (47.8ms)
Rendered application/_tracks (2563.2ms)
Completed in 9981ms (View: 9908, DB: 0) | 200 OK [http://localhost/]


Processing ApplicationController#now_playing (for 127.0.0.1 at 2010-08-21 22:36:34) [GET]
Rendering template within layouts/application
Rendering application/now_playing
Rendered application/_tracks (48.9ms)
Rendered application/_tracks (2688.9ms)
Completed in 9852ms (View: 9780, DB: 0) | 200 OK [http://localhost/]


Processing ApplicationController#now_playing (for 127.0.0.1 at 2010-08-21 22:36:57) [GET]
Rendering template within layouts/application
Rendering application/now_playing
Rendered application/_tracks (49.7ms)
Rendered application/_tracks (2567.7ms)
Completed in 9677ms (View: 9603, DB: 0) | 200 OK [http://localhost/]


Processing ApplicationController#now_playing (for 127.0.0.1 at 2010-08-21 22:37:30) [GET]
Rendering template within layouts/application
Rendering application/now_playing
Rendered application/_tracks (50.9ms)
Rendered application/_tracks (2596.3ms)
Completed in 9661ms (View: 9585, DB: 0) | 200 OK [http://localhost/]


Processing ApplicationController#now_playing (for 127.0.0.1 at 2010-08-21 22:44:16) [GET]
Rendering template within layouts/application
Rendering application/now_playing
Rendered application/_tracks (49.0ms)
Rendered application/_tracks (2574.8ms)
Completed in 9707ms (View: 9633, DB: 0) | 200 OK [http://localhost/]


Processing ApplicationController#now_playing (for 127.0.0.1 at 2010-08-21 22:45:05) [GET]
Rendering template within layouts/application
Rendering application/now_playing
Rendered application/_tracks (47.5ms)
Rendered application/_tracks (2620.3ms)
Completed in 9859ms (View: 9784, DB: 0) | 200 OK [http://localhost/]


Processing ApplicationController#now_playing (for 127.0.0.1 at 2010-08-21 22:49:46) [GET]
Rendering template within layouts/application
Rendering application/now_playing
Rendered application/_tracks (47.9ms)
Rendered application/_tracks (2574.5ms)
Completed in 9896ms (View: 9824, DB: 0) | 200 OK [http://localhost/]


Processing ApplicationController#now_playing (for 127.0.0.1 at 2010-08-21 22:49:56) [GET]
Rendering template within layouts/application
Rendering application/now_playing
Rendered application/_tracks (49.8ms)
Rendered application/_tracks (2544.9ms)
Completed in 9828ms (View: 9749, DB: 0) | 200 OK [http://localhost/]


Processing ApplicationController#now_playing (for 127.0.0.1 at 2010-08-21 22:50:06) [GET]
Rendering template within layouts/application
Rendering application/now_playing
Rendered application/_tracks (50.4ms)
Rendered application/_tracks (2624.3ms)
Completed in 10546ms (View: 10474, DB: 0) | 200 OK [http://localhost/]
